2021-03-25 10:21:16,904 [Worker-4: Loading available Gradle versions] INFO  o.e.b.c.i.u.g.PublishedGradleVersions - Gradle version information cache is up-to-date. Trying to read.
2021-03-25 10:31:19,104 [Worker-3: Loading available Gradle versions] INFO  o.e.b.c.i.u.g.PublishedGradleVersions - Gradle version information cache is up-to-date. Trying to read.
2021-03-25 10:46:27,707 [Worker-5: Loading available Gradle versions] INFO  o.e.b.c.i.u.g.PublishedGradleVersions - Gradle version information cache is up-to-date. Trying to read.
2021-03-25 10:48:18,852 [Worker-3: Loading available Gradle versions] INFO  o.e.b.c.i.u.g.PublishedGradleVersions - Gradle version information cache is up-to-date. Trying to read.
2021-03-25 10:48:31,581 [Worker-3: Loading available Gradle versions] INFO  o.e.b.c.i.u.g.PublishedGradleVersions - Gradle version information cache is up-to-date. Trying to read.
2021-03-25 10:51:32,550 [Start Help Server] INFO  org.eclipse.jetty.util.log - Logging initialized @188456ms to org.eclipse.jetty.util.log.Slf4jLog
2021-03-25 10:51:33,263 [Start Help Server] INFO  org.eclipse.jetty.server.Server - jetty-9.4.37.v20210219; built: 2021-02-23T06:49:41.320Z; git: 27afab2bd37780d179836e313e0fe11bc4fa0ce9; jvm 15.0.2+7-27
2021-03-25 10:51:33,274 [Start Help Server] INFO  org.eclipse.jetty.server.session - DefaultSessionIdManager workerName=node0
2021-03-25 10:51:33,275 [Start Help Server] INFO  org.eclipse.jetty.server.session - No SessionScavenger set, using defaults
2021-03-25 10:51:33,276 [Start Help Server] INFO  org.eclipse.jetty.server.session - node0 Scavenging every 600000ms
2021-03-25 10:51:33,293 [Start Help Server] INFO  o.e.j.server.handler.ContextHandler - Started o.e.j.s.ServletContextHandler@529bd003{/help,null,AVAILABLE}
2021-03-25 10:51:33,305 [Start Help Server] INFO  o.e.jetty.server.AbstractConnector - Started ServerConnector@31aa89b6{HTTP/1.1, (http/1.1)}{127.0.0.1:3766}
2021-03-25 10:51:33,305 [Start Help Server] INFO  org.eclipse.jetty.server.Server - Started @189213ms
2021-03-25 10:51:33,305 [Start Help Server] INFO  org.eclipse.jetty.server.session - node0 Scavenging every 600000ms
2021-03-25 10:55:29,135 [Stop Help Server] INFO  o.e.jetty.server.AbstractConnector - Stopped ServerConnector@31aa89b6{HTTP/1.1, (http/1.1)}{127.0.0.1:0}
2021-03-25 10:55:29,135 [Stop Help Server] INFO  org.eclipse.jetty.server.session - node0 Stopped scavenging
2021-03-25 10:55:29,154 [Stop Help Server] INFO  o.e.j.server.handler.ContextHandler - Stopped o.e.j.s.ServletContextHandler@529bd003{/help,null,STOPPED}
2021-03-28 16:39:14,359 [Worker-0: Loading available Gradle versions] INFO  o.e.b.c.i.u.g.PublishedGradleVersions - Gradle version information cache is out-of-date. Trying to update.
2021-03-28 16:40:55,309 [Start Help Server] INFO  org.eclipse.jetty.util.log - Logging initialized @115082ms to org.eclipse.jetty.util.log.Slf4jLog
2021-03-28 16:40:56,065 [Start Help Server] INFO  org.eclipse.jetty.server.Server - jetty-9.4.37.v20210219; built: 2021-02-23T06:49:41.320Z; git: 27afab2bd37780d179836e313e0fe11bc4fa0ce9; jvm 15.0.2+7-27
2021-03-28 16:40:56,075 [Start Help Server] INFO  org.eclipse.jetty.server.session - DefaultSessionIdManager workerName=node0
2021-03-28 16:40:56,076 [Start Help Server] INFO  org.eclipse.jetty.server.session - No SessionScavenger set, using defaults
2021-03-28 16:40:56,076 [Start Help Server] INFO  org.eclipse.jetty.server.session - node0 Scavenging every 660000ms
2021-03-28 16:40:56,094 [Start Help Server] INFO  o.e.j.server.handler.ContextHandler - Started o.e.j.s.ServletContextHandler@560fffe3{/help,null,AVAILABLE}
2021-03-28 16:40:56,108 [Start Help Server] INFO  o.e.jetty.server.AbstractConnector - Started ServerConnector@7676c4a9{HTTP/1.1, (http/1.1)}{127.0.0.1:51935}
2021-03-28 16:40:56,108 [Start Help Server] INFO  org.eclipse.jetty.server.Server - Started @115882ms
2021-03-28 16:40:56,108 [Start Help Server] INFO  org.eclipse.jetty.server.session - node0 Scavenging every 726000ms
2021-03-28 16:44:16,564 [Stop Help Server] INFO  o.e.jetty.server.AbstractConnector - Stopped ServerConnector@7676c4a9{HTTP/1.1, (http/1.1)}{127.0.0.1:0}
2021-03-28 16:44:16,564 [Stop Help Server] INFO  org.eclipse.jetty.server.session - node0 Stopped scavenging
2021-03-28 16:44:16,584 [Stop Help Server] INFO  o.e.j.server.handler.ContextHandler - Stopped o.e.j.s.ServletContextHandler@560fffe3{/help,null,STOPPED}
2021-05-10 14:35:54,281 [Worker-0: Loading available Gradle versions] INFO  o.e.b.c.i.u.g.PublishedGradleVersions - Gradle version information cache is out-of-date. Trying to update.
